Arguments: 
  /Users/corentinbrossault/.nvm/versions/node/v10.15.0/bin/node /Users/corentinbrossault/.nvm/versions/node/v10.15.0/bin/yarn

PATH: 
  /Users/corentinbrossault/.nvm/versions/node/v10.15.0/bin:/usr/local/bin:/usr/bin:/bin:/usr/sbin:/sbin

Yarn version: 
  1.15.2

Node version: 
  10.15.0

Platform: 
  darwin x64

Trace: 
  SyntaxError: /Users/corentinbrossault/Bearer/templates/mailjet/package.json: Unexpected token e in JSON at position 416
      at JSON.parse (<anonymous>)
      at /Users/corentinbrossault/.nvm/versions/node/v10.15.0/lib/node_modules/yarn/lib/cli.js:1625:59
      at Generator.next (<anonymous>)
      at step (/Users/corentinbrossault/.nvm/versions/node/v10.15.0/lib/node_modules/yarn/lib/cli.js:304:30)
      at /Users/corentinbrossault/.nvm/versions/node/v10.15.0/lib/node_modules/yarn/lib/cli.js:315:13

npm manifest: 
  {
    "name": "mailjet",
    "version": "0.0.1",
    "description": "Mailjet",
    "main": "dist/index.js",
    "types": "dist/types/components.d.ts",
    "module": "dist/esm/index.js",
    "collection": "dist/collection/collection-manifest.json",
    "scripts": {
      "push": "bearer push",
      "start": "bearer start",
      "invoke": "bearer invoke",
      "generate": "bearer generate"
    },
    "dependencies": {
      "@bearer/core": next,
      "@bearer/functions": next,
      "@bearer/ui": next,
      "axios": "^0.18.0"
    },
    "devDependencies": {
      "@bearer/cli": next,
      "@bearer/js": next,
      "@types/node": "^10.12.25"
    },
    "peerDependencies": {
      "@bearer/js": next
    },
    "license": "MIT"
  }

yarn manifest: 
  No manifest

Lockfile: 
  No lockfile
